<?xml version="1.0" encoding="UTF-8"?>
<!-- Generated by org.testng.reporters.JUnitXMLReporter -->
<testsuite hostname="Sai-PC" ignored="0" name="Default test" tests="3" failures="0" timestamp="30 Jun 2018 15:08:20 GMT" time="77.396" errors="0">
  <testcase name="validateCreateNewContact" time="6.849" classname="com.sas.qa.tests.ContactsPageTest"/>
  <testcase name="validateCreateNewContact" time="4.892" classname="com.sas.qa.tests.ContactsPageTest"/>
  <testcase name="validateCreateNewContact" time="6.051" classname="com.sas.qa.tests.ContactsPageTest"/>
</testsuite> <!-- Default test -->
