<?xml version="1.0" encoding="UTF-8"?>
<!-- Generated by org.testng.reporters.JUnitXMLReporter -->
<testsuite hostname="Sai-PC" ignored="0" name="SAS Application Test Cases" tests="6" failures="0" timestamp="26 Jun 2018 05:19:46 GMT" time="88.484" errors="0">
  <testcase name="verifyHomePageTitleTest" time="0.034" classname="com.sas.qa.tests.HomePageTest"/>
  <testcase name="loginPageTitleTest" time="0.102" classname="com.sas.qa.tests.LoginPageTest"/>
  <testcase name="verifyUserNameTest" time="0.577" classname="com.sas.qa.tests.HomePageTest"/>
  <testcase name="crmLogoImageTest" time="0.262" classname="com.sas.qa.tests.LoginPageTest"/>
  <testcase name="verifyContactsLinkTest" time="2.376" classname="com.sas.qa.tests.HomePageTest"/>
  <testcase name="loginTest" time="9.133" classname="com.sas.qa.tests.LoginPageTest"/>
</testsuite> <!-- SAS Application Test Cases -->
